2018-12-13 14:10:14,938 - com.xiangbinwang.OceanStockTradeApplication - Starting OceanStockTradeApplication on GR-A04-1802075 with PID 16800 (D:\workspace-self\ocean_stock_trade\target\classes started by binhaiyang in D:\workspace-self\ocean_stock_trade)
2018-12-13 14:10:14,943 - com.xiangbinwang.OceanStockTradeApplication - No active profile set, falling back to default profiles: default
2018-12-13 14:10:16,098 - org.springframework.data.repository.config.RepositoryConfigurationDelegate - Bootstrapping Spring Data repositories in DEFAULT mode.
2018-12-13 14:10:16,116 - org.springframework.data.repository.config.RepositoryConfigurationDelegate - Finished Spring Data repository scanning in 10ms. Found 0 repository interfaces.
2018-12-13 14:10:16,761 - org.springframework.context.support.PostProcessorRegistrationDelegate$BeanPostProcessorChecker - Bean 'org.springframework.transaction.annotation.ProxyTransactionManagementConfiguration' of type [org.springframework.transaction.annotation.ProxyTransactionManagementConfiguration$$EnhancerBySpringCGLIB$$8e31015d] is not eligible for getting processed by all BeanPostProcessors (for example: not eligible for auto-proxying)
2018-12-13 14:10:16,807 - org.springframework.context.support.PostProcessorRegistrationDelegate$BeanPostProcessorChecker - Bean 'org.springframework.hateoas.config.HateoasConfiguration' of type [org.springframework.hateoas.config.HateoasConfiguration$$EnhancerBySpringCGLIB$$db14e8f] is not eligible for getting processed by all BeanPostProcessors (for example: not eligible for auto-proxying)
2018-12-13 14:10:17,642 - org.springframework.boot.web.embedded.tomcat.TomcatWebServer - Tomcat initialized with port(s): 8080 (http)
2018-12-13 14:10:17,667 - org.apache.coyote.http11.Http11NioProtocol - Initializing ProtocolHandler ["http-nio-8080"]
2018-12-13 14:10:17,681 - org.apache.catalina.core.StandardService - Starting service [Tomcat]
2018-12-13 14:10:17,681 - org.apache.catalina.core.StandardEngine - Starting Servlet Engine: Apache Tomcat/9.0.13
2018-12-13 14:10:17,694 - org.apache.catalina.core.AprLifecycleListener - The APR based Apache Tomcat Native library which allows optimal performance in production environments was not found on the java.library.path: [C:\Program Files (x86)\Java\jdk1.8.0_144\bin;C:\Windows\Sun\Java\bin;C:\Windows\system32;C:\Windows;C:\Program Files (x86)\Common Files\NetSarang;C:\ProgramData\Oracle\Java\javapath;C:\Windows\system32;C:\Windows;C:\Windows\System32\Wbem;C:\Windows\System32\WindowsPowerShell\v1.0\;C:\Program Files (x86)\ATI Technologies\ATI.ACE\Core-Static;C:\Program Files\Lenovo\Bluetooth Software\;C:\Program Files\Lenovo\Bluetooth Software\syswow64;D:\apache-maven-3.5.3\bin;C:\Program Files (x86)\Java\jdk1.8.0_144\bin;C:\Program Files (x86)\Java\jdk1.8.0_144\jre\bin;D:\mysql32\mysql-5.7.21-win32\bin;C:\Users\binhaiyang\AppData\Local\Programs\Python\Python36\Scripts\;C:\Users\binhaiyang\AppData\Local\Programs\Python\Python36\;.]
2018-12-13 14:10:17,921 - org.apache.catalina.core.ContainerBase.[Tomcat].[localhost].[/] - Initializing Spring embedded WebApplicationContext
2018-12-13 14:10:17,922 - org.springframework.web.context.ContextLoader - Root WebApplicationContext: initialization completed in 2864 ms
2018-12-13 14:10:18,453 - org.springframework.scheduling.concurrent.ThreadPoolTaskExecutor - Initializing ExecutorService 'applicationTaskExecutor'
2018-12-13 14:10:19,993 - org.mongodb.driver.cluster - Cluster created with settings {hosts=[10.0.30.140:27017], mode=SINGLE, requiredClusterType=UNKNOWN, serverSelectionTimeout='30000 ms', maxWaitQueueSize=500}
2018-12-13 14:10:20,083 - org.mongodb.driver.connection - Opened connection [connectionId{localValue:1, serverValue:373}] to 10.0.30.140:27017
2018-12-13 14:10:20,086 - org.mongodb.driver.cluster - Monitor thread successfully connected to server with description ServerDescription{address=10.0.30.140:27017, type=STANDALONE, state=CONNECTED, ok=true, version=ServerVersion{versionList=[3, 4, 18]}, minWireVersion=0, maxWireVersion=5, maxDocumentSize=16777216, logicalSessionTimeoutMinutes=null, roundTripTimeNanos=1863281}
2018-12-13 14:10:20,520 - org.apache.coyote.http11.Http11NioProtocol - Starting ProtocolHandler ["http-nio-8080"]
2018-12-13 14:10:20,533 - org.apache.tomcat.util.net.NioSelectorPool - Using a shared selector for servlet write/read
2018-12-13 14:10:20,561 - org.springframework.boot.web.embedded.tomcat.TomcatWebServer - Tomcat started on port(s): 8080 (http) with context path ''
2018-12-13 14:10:20,566 - com.xiangbinwang.OceanStockTradeApplication - Started OceanStockTradeApplication in 6.573 seconds (JVM running for 7.463)
2018-12-13 14:21:10,675 - com.xiangbinwang.OceanStockTradeApplication - Starting OceanStockTradeApplication on GR-A04-1802075 with PID 3748 (D:\workspace-self\ocean_stock_trade\target\classes started by binhaiyang in D:\workspace-self\ocean_stock_trade)
2018-12-13 14:21:10,682 - com.xiangbinwang.OceanStockTradeApplication - No active profile set, falling back to default profiles: default
2018-12-13 14:21:11,918 - org.springframework.data.repository.config.RepositoryConfigurationDelegate - Bootstrapping Spring Data repositories in DEFAULT mode.
2018-12-13 14:21:11,939 - org.springframework.data.repository.config.RepositoryConfigurationDelegate - Finished Spring Data repository scanning in 14ms. Found 0 repository interfaces.
2018-12-13 14:21:12,583 - org.springframework.context.support.PostProcessorRegistrationDelegate$BeanPostProcessorChecker - Bean 'org.springframework.transaction.annotation.ProxyTransactionManagementConfiguration' of type [org.springframework.transaction.annotation.ProxyTransactionManagementConfiguration$$EnhancerBySpringCGLIB$$cc320777] is not eligible for getting processed by all BeanPostProcessors (for example: not eligible for auto-proxying)
2018-12-13 14:21:12,626 - org.springframework.context.support.PostProcessorRegistrationDelegate$BeanPostProcessorChecker - Bean 'org.springframework.hateoas.config.HateoasConfiguration' of type [org.springframework.hateoas.config.HateoasConfiguration$$EnhancerBySpringCGLIB$$4bb254a9] is not eligible for getting processed by all BeanPostProcessors (for example: not eligible for auto-proxying)
2018-12-13 14:21:13,463 - org.springframework.boot.web.embedded.tomcat.TomcatWebServer - Tomcat initialized with port(s): 8080 (http)
2018-12-13 14:21:13,483 - org.apache.coyote.http11.Http11NioProtocol - Initializing ProtocolHandler ["http-nio-8080"]
2018-12-13 14:21:13,501 - org.apache.catalina.core.StandardService - Starting service [Tomcat]
2018-12-13 14:21:13,501 - org.apache.catalina.core.StandardEngine - Starting Servlet Engine: Apache Tomcat/9.0.13
2018-12-13 14:21:13,515 - org.apache.catalina.core.AprLifecycleListener - The APR based Apache Tomcat Native library which allows optimal performance in production environments was not found on the java.library.path: [C:\Program Files (x86)\Java\jdk1.8.0_144\bin;C:\Windows\Sun\Java\bin;C:\Windows\system32;C:\Windows;C:\Program Files (x86)\Common Files\NetSarang;C:\ProgramData\Oracle\Java\javapath;C:\Windows\system32;C:\Windows;C:\Windows\System32\Wbem;C:\Windows\System32\WindowsPowerShell\v1.0\;C:\Program Files (x86)\ATI Technologies\ATI.ACE\Core-Static;C:\Program Files\Lenovo\Bluetooth Software\;C:\Program Files\Lenovo\Bluetooth Software\syswow64;D:\apache-maven-3.5.3\bin;C:\Program Files (x86)\Java\jdk1.8.0_144\bin;C:\Program Files (x86)\Java\jdk1.8.0_144\jre\bin;D:\mysql32\mysql-5.7.21-win32\bin;C:\Users\binhaiyang\AppData\Local\Programs\Python\Python36\Scripts\;C:\Users\binhaiyang\AppData\Local\Programs\Python\Python36\;.]
2018-12-13 14:21:13,752 - org.apache.catalina.core.ContainerBase.[Tomcat].[localhost].[/] - Initializing Spring embedded WebApplicationContext
2018-12-13 14:21:13,753 - org.springframework.web.context.ContextLoader - Root WebApplicationContext: initialization completed in 2871 ms
2018-12-13 14:21:14,319 - org.springframework.scheduling.concurrent.ThreadPoolTaskExecutor - Initializing ExecutorService 'applicationTaskExecutor'
2018-12-13 14:21:16,032 - org.mongodb.driver.cluster - Cluster created with settings {hosts=[10.0.30.140:27017], mode=SINGLE, requiredClusterType=UNKNOWN, serverSelectionTimeout='30000 ms', maxWaitQueueSize=500}
2018-12-13 14:21:16,117 - org.mongodb.driver.connection - Opened connection [connectionId{localValue:1, serverValue:374}] to 10.0.30.140:27017
2018-12-13 14:21:16,120 - org.mongodb.driver.cluster - Monitor thread successfully connected to server with description ServerDescription{address=10.0.30.140:27017, type=STANDALONE, state=CONNECTED, ok=true, version=ServerVersion{versionList=[3, 4, 18]}, minWireVersion=0, maxWireVersion=5, maxDocumentSize=16777216, logicalSessionTimeoutMinutes=null, roundTripTimeNanos=1755085}
2018-12-13 14:21:16,572 - org.apache.coyote.http11.Http11NioProtocol - Starting ProtocolHandler ["http-nio-8080"]
2018-12-13 14:21:16,585 - org.apache.tomcat.util.net.NioSelectorPool - Using a shared selector for servlet write/read
2018-12-13 14:21:16,611 - org.springframework.boot.web.embedded.tomcat.TomcatWebServer - Tomcat started on port(s): 8080 (http) with context path ''
2018-12-13 14:21:16,615 - com.xiangbinwang.OceanStockTradeApplication - Started OceanStockTradeApplication in 6.96 seconds (JVM running for 7.825)
2018-12-13 14:22:04,333 - org.apache.catalina.core.ContainerBase.[Tomcat].[localhost].[/] - Initializing Spring DispatcherServlet 'dispatcherServlet'
2018-12-13 14:22:04,333 - org.springframework.web.servlet.DispatcherServlet - Initializing Servlet 'dispatcherServlet'
2018-12-13 14:22:04,347 - org.springframework.web.servlet.DispatcherServlet - Completed initialization in 14 ms
2018-12-13 14:23:43,844 - com.xiangbinwang.OceanStockTradeApplication - Starting OceanStockTradeApplication on GR-A04-1802075 with PID 21232 (D:\workspace-self\ocean_stock_trade\target\classes started by binhaiyang in D:\workspace-self\ocean_stock_trade)
2018-12-13 14:23:43,849 - com.xiangbinwang.OceanStockTradeApplication - No active profile set, falling back to default profiles: default
2018-12-13 14:23:45,096 - org.springframework.data.repository.config.RepositoryConfigurationDelegate - Bootstrapping Spring Data repositories in DEFAULT mode.
2018-12-13 14:23:45,115 - org.springframework.data.repository.config.RepositoryConfigurationDelegate - Finished Spring Data repository scanning in 12ms. Found 0 repository interfaces.
2018-12-13 14:23:45,694 - org.springframework.context.support.PostProcessorRegistrationDelegate$BeanPostProcessorChecker - Bean 'org.springframework.transaction.annotation.ProxyTransactionManagementConfiguration' of type [org.springframework.transaction.annotation.ProxyTransactionManagementConfiguration$$EnhancerBySpringCGLIB$$3e7c5921] is not eligible for getting processed by all BeanPostProcessors (for example: not eligible for auto-proxying)
2018-12-13 14:23:45,744 - org.springframework.context.support.PostProcessorRegistrationDelegate$BeanPostProcessorChecker - Bean 'org.springframework.hateoas.config.HateoasConfiguration' of type [org.springframework.hateoas.config.HateoasConfiguration$$EnhancerBySpringCGLIB$$bdfca653] is not eligible for getting processed by all BeanPostProcessors (for example: not eligible for auto-proxying)
2018-12-13 14:23:46,591 - org.springframework.boot.web.embedded.tomcat.TomcatWebServer - Tomcat initialized with port(s): 8080 (http)
2018-12-13 14:23:46,610 - org.apache.coyote.http11.Http11NioProtocol - Initializing ProtocolHandler ["http-nio-8080"]
2018-12-13 14:23:46,628 - org.apache.catalina.core.StandardService - Starting service [Tomcat]
2018-12-13 14:23:46,629 - org.apache.catalina.core.StandardEngine - Starting Servlet Engine: Apache Tomcat/9.0.13
2018-12-13 14:23:46,641 - org.apache.catalina.core.AprLifecycleListener - The APR based Apache Tomcat Native library which allows optimal performance in production environments was not found on the java.library.path: [C:\Program Files (x86)\Java\jdk1.8.0_144\bin;C:\Windows\Sun\Java\bin;C:\Windows\system32;C:\Windows;C:\Program Files (x86)\Common Files\NetSarang;C:\ProgramData\Oracle\Java\javapath;C:\Windows\system32;C:\Windows;C:\Windows\System32\Wbem;C:\Windows\System32\WindowsPowerShell\v1.0\;C:\Program Files (x86)\ATI Technologies\ATI.ACE\Core-Static;C:\Program Files\Lenovo\Bluetooth Software\;C:\Program Files\Lenovo\Bluetooth Software\syswow64;D:\apache-maven-3.5.3\bin;C:\Program Files (x86)\Java\jdk1.8.0_144\bin;C:\Program Files (x86)\Java\jdk1.8.0_144\jre\bin;D:\mysql32\mysql-5.7.21-win32\bin;C:\Users\binhaiyang\AppData\Local\Programs\Python\Python36\Scripts\;C:\Users\binhaiyang\AppData\Local\Programs\Python\Python36\;.]
2018-12-13 14:23:46,849 - org.apache.catalina.core.ContainerBase.[Tomcat].[localhost].[/] - Initializing Spring embedded WebApplicationContext
2018-12-13 14:23:46,850 - org.springframework.web.context.ContextLoader - Root WebApplicationContext: initialization completed in 2894 ms
2018-12-13 14:23:47,306 - org.springframework.scheduling.concurrent.ThreadPoolTaskExecutor - Initializing ExecutorService 'applicationTaskExecutor'
2018-12-13 14:23:48,803 - org.mongodb.driver.cluster - Cluster created with settings {hosts=[10.0.30.140:27017], mode=SINGLE, requiredClusterType=UNKNOWN, serverSelectionTimeout='30000 ms', maxWaitQueueSize=500}
2018-12-13 14:23:48,887 - org.mongodb.driver.connection - Opened connection [connectionId{localValue:1, serverValue:375}] to 10.0.30.140:27017
2018-12-13 14:23:48,890 - org.mongodb.driver.cluster - Monitor thread successfully connected to server with description ServerDescription{address=10.0.30.140:27017, type=STANDALONE, state=CONNECTED, ok=true, version=ServerVersion{versionList=[3, 4, 18]}, minWireVersion=0, maxWireVersion=5, maxDocumentSize=16777216, logicalSessionTimeoutMinutes=null, roundTripTimeNanos=1794001}
2018-12-13 14:23:49,348 - org.apache.coyote.http11.Http11NioProtocol - Starting ProtocolHandler ["http-nio-8080"]
2018-12-13 14:23:49,361 - org.apache.tomcat.util.net.NioSelectorPool - Using a shared selector for servlet write/read
2018-12-13 14:23:49,388 - org.springframework.boot.web.embedded.tomcat.TomcatWebServer - Tomcat started on port(s): 8080 (http) with context path ''
2018-12-13 14:23:49,412 - com.xiangbinwang.OceanStockTradeApplication - Started OceanStockTradeApplication in 6.42 seconds (JVM running for 7.239)
2018-12-13 14:24:01,103 - org.apache.catalina.core.ContainerBase.[Tomcat].[localhost].[/] - Initializing Spring DispatcherServlet 'dispatcherServlet'
2018-12-13 14:24:01,103 - org.springframework.web.servlet.DispatcherServlet - Initializing Servlet 'dispatcherServlet'
2018-12-13 14:24:01,112 - org.springframework.web.servlet.DispatcherServlet - Completed initialization in 9 ms
2018-12-13 14:24:31,483 - com.xiangbinwang.OceanStockTradeApplication - Starting OceanStockTradeApplication on GR-A04-1802075 with PID 8728 (D:\workspace-self\ocean_stock_trade\target\classes started by binhaiyang in D:\workspace-self\ocean_stock_trade)
2018-12-13 14:24:31,489 - com.xiangbinwang.OceanStockTradeApplication - No active profile set, falling back to default profiles: default
2018-12-13 14:24:32,644 - org.springframework.data.repository.config.RepositoryConfigurationDelegate - Bootstrapping Spring Data repositories in DEFAULT mode.
2018-12-13 14:24:32,662 - org.springframework.data.repository.config.RepositoryConfigurationDelegate - Finished Spring Data repository scanning in 11ms. Found 0 repository interfaces.
2018-12-13 14:24:33,169 - org.springframework.context.support.PostProcessorRegistrationDelegate$BeanPostProcessorChecker - Bean 'org.springframework.transaction.annotation.ProxyTransactionManagementConfiguration' of type [org.springframework.transaction.annotation.ProxyTransactionManagementConfiguration$$EnhancerBySpringCGLIB$$a41bb17a] is not eligible for getting processed by all BeanPostProcessors (for example: not eligible for auto-proxying)
2018-12-13 14:24:33,215 - org.springframework.context.support.PostProcessorRegistrationDelegate$BeanPostProcessorChecker - Bean 'org.springframework.hateoas.config.HateoasConfiguration' of type [org.springframework.hateoas.config.HateoasConfiguration$$EnhancerBySpringCGLIB$$239bfeac] is not eligible for getting processed by all BeanPostProcessors (for example: not eligible for auto-proxying)
2018-12-13 14:24:34,061 - org.springframework.boot.web.embedded.tomcat.TomcatWebServer - Tomcat initialized with port(s): 8080 (http)
2018-12-13 14:24:34,080 - org.apache.coyote.http11.Http11NioProtocol - Initializing ProtocolHandler ["http-nio-8080"]
2018-12-13 14:24:34,092 - org.apache.catalina.core.StandardService - Starting service [Tomcat]
2018-12-13 14:24:34,092 - org.apache.catalina.core.StandardEngine - Starting Servlet Engine: Apache Tomcat/9.0.13
2018-12-13 14:24:34,110 - org.apache.catalina.core.AprLifecycleListener - The APR based Apache Tomcat Native library which allows optimal performance in production environments was not found on the java.library.path: [C:\Program Files (x86)\Java\jdk1.8.0_144\bin;C:\Windows\Sun\Java\bin;C:\Windows\system32;C:\Windows;C:\Program Files (x86)\Common Files\NetSarang;C:\ProgramData\Oracle\Java\javapath;C:\Windows\system32;C:\Windows;C:\Windows\System32\Wbem;C:\Windows\System32\WindowsPowerShell\v1.0\;C:\Program Files (x86)\ATI Technologies\ATI.ACE\Core-Static;C:\Program Files\Lenovo\Bluetooth Software\;C:\Program Files\Lenovo\Bluetooth Software\syswow64;D:\apache-maven-3.5.3\bin;C:\Program Files (x86)\Java\jdk1.8.0_144\bin;C:\Program Files (x86)\Java\jdk1.8.0_144\jre\bin;D:\mysql32\mysql-5.7.21-win32\bin;C:\Users\binhaiyang\AppData\Local\Programs\Python\Python36\Scripts\;C:\Users\binhaiyang\AppData\Local\Programs\Python\Python36\;.]
2018-12-13 14:24:34,361 - org.apache.catalina.core.ContainerBase.[Tomcat].[localhost].[/] - Initializing Spring embedded WebApplicationContext
2018-12-13 14:24:34,361 - org.springframework.web.context.ContextLoader - Root WebApplicationContext: initialization completed in 2769 ms
2018-12-13 14:24:34,830 - org.springframework.scheduling.concurrent.ThreadPoolTaskExecutor - Initializing ExecutorService 'applicationTaskExecutor'
2018-12-13 14:24:36,305 - org.mongodb.driver.cluster - Cluster created with settings {hosts=[10.0.30.140:27017], mode=SINGLE, requiredClusterType=UNKNOWN, serverSelectionTimeout='30000 ms', maxWaitQueueSize=500}
2018-12-13 14:24:36,412 - org.mongodb.driver.connection - Opened connection [connectionId{localValue:1, serverValue:376}] to 10.0.30.140:27017
2018-12-13 14:24:36,416 - org.mongodb.driver.cluster - Monitor thread successfully connected to server with description ServerDescription{address=10.0.30.140:27017, type=STANDALONE, state=CONNECTED, ok=true, version=ServerVersion{versionList=[3, 4, 18]}, minWireVersion=0, maxWireVersion=5, maxDocumentSize=16777216, logicalSessionTimeoutMinutes=null, roundTripTimeNanos=1998418}
2018-12-13 14:24:36,815 - org.apache.coyote.http11.Http11NioProtocol - Starting ProtocolHandler ["http-nio-8080"]
2018-12-13 14:24:36,826 - org.apache.tomcat.util.net.NioSelectorPool - Using a shared selector for servlet write/read
2018-12-13 14:24:36,852 - org.springframework.boot.web.embedded.tomcat.TomcatWebServer - Tomcat started on port(s): 8080 (http) with context path ''
2018-12-13 14:24:36,856 - com.xiangbinwang.OceanStockTradeApplication - Started OceanStockTradeApplication in 6.174 seconds (JVM running for 6.912)
2018-12-13 14:24:42,196 - org.apache.catalina.core.ContainerBase.[Tomcat].[localhost].[/] - Initializing Spring DispatcherServlet 'dispatcherServlet'
2018-12-13 14:24:42,197 - org.springframework.web.servlet.DispatcherServlet - Initializing Servlet 'dispatcherServlet'
2018-12-13 14:24:42,207 - org.springframework.web.servlet.DispatcherServlet - Completed initialization in 10 ms
2018-12-13 14:26:34,937 - com.xiangbinwang.OceanStockTradeApplication - Starting OceanStockTradeApplication on GR-A04-1802075 with PID 6536 (D:\workspace-self\ocean_stock_trade\target\classes started by binhaiyang in D:\workspace-self\ocean_stock_trade)
2018-12-13 14:26:34,943 - com.xiangbinwang.OceanStockTradeApplication - No active profile set, falling back to default profiles: default
2018-12-13 14:26:36,541 - org.springframework.data.repository.config.RepositoryConfigurationDelegate - Bootstrapping Spring Data repositories in DEFAULT mode.
2018-12-13 14:26:36,566 - org.springframework.data.repository.config.RepositoryConfigurationDelegate - Finished Spring Data repository scanning in 14ms. Found 0 repository interfaces.
2018-12-13 14:26:37,157 - org.springframework.context.support.PostProcessorRegistrationDelegate$BeanPostProcessorChecker - Bean 'org.springframework.transaction.annotation.ProxyTransactionManagementConfiguration' of type [org.springframework.transaction.annotation.ProxyTransactionManagementConfiguration$$EnhancerBySpringCGLIB$$11c277ec] is not eligible for getting processed by all BeanPostProcessors (for example: not eligible for auto-proxying)
2018-12-13 14:26:37,346 - org.springframework.context.support.PostProcessorRegistrationDelegate$BeanPostProcessorChecker - Bean 'org.springframework.hateoas.config.HateoasConfiguration' of type [org.springframework.hateoas.config.HateoasConfiguration$$EnhancerBySpringCGLIB$$9142c51e] is not eligible for getting processed by all BeanPostProcessors (for example: not eligible for auto-proxying)
2018-12-13 14:26:38,281 - org.springframework.boot.web.embedded.tomcat.TomcatWebServer - Tomcat initialized with port(s): 8080 (http)
2018-12-13 14:26:38,305 - org.apache.coyote.http11.Http11NioProtocol - Initializing ProtocolHandler ["http-nio-8080"]
2018-12-13 14:26:38,318 - org.apache.catalina.core.StandardService - Starting service [Tomcat]
2018-12-13 14:26:38,319 - org.apache.catalina.core.StandardEngine - Starting Servlet Engine: Apache Tomcat/9.0.13
2018-12-13 14:26:38,337 - org.apache.catalina.core.AprLifecycleListener - The APR based Apache Tomcat Native library which allows optimal performance in production environments was not found on the java.library.path: [C:\Program Files (x86)\Java\jdk1.8.0_144\bin;C:\Windows\Sun\Java\bin;C:\Windows\system32;C:\Windows;C:\Program Files (x86)\Common Files\NetSarang;C:\ProgramData\Oracle\Java\javapath;C:\Windows\system32;C:\Windows;C:\Windows\System32\Wbem;C:\Windows\System32\WindowsPowerShell\v1.0\;C:\Program Files (x86)\ATI Technologies\ATI.ACE\Core-Static;C:\Program Files\Lenovo\Bluetooth Software\;C:\Program Files\Lenovo\Bluetooth Software\syswow64;D:\apache-maven-3.5.3\bin;C:\Program Files (x86)\Java\jdk1.8.0_144\bin;C:\Program Files (x86)\Java\jdk1.8.0_144\jre\bin;D:\mysql32\mysql-5.7.21-win32\bin;C:\Users\binhaiyang\AppData\Local\Programs\Python\Python36\Scripts\;C:\Users\binhaiyang\AppData\Local\Programs\Python\Python36\;.]
2018-12-13 14:26:38,577 - org.apache.catalina.core.ContainerBase.[Tomcat].[localhost].[/] - Initializing Spring embedded WebApplicationContext
2018-12-13 14:26:38,577 - org.springframework.web.context.ContextLoader - Root WebApplicationContext: initialization completed in 3558 ms
2018-12-13 14:26:39,650 - org.springframework.scheduling.concurrent.ThreadPoolTaskExecutor - Initializing ExecutorService 'applicationTaskExecutor'
2018-12-13 14:26:41,165 - org.mongodb.driver.cluster - Cluster created with settings {hosts=[10.0.30.140:27017], mode=SINGLE, requiredClusterType=UNKNOWN, serverSelectionTimeout='30000 ms', maxWaitQueueSize=500}
2018-12-13 14:26:41,349 - org.mongodb.driver.connection - Opened connection [connectionId{localValue:1, serverValue:378}] to 10.0.30.140:27017
2018-12-13 14:26:41,364 - org.mongodb.driver.cluster - Monitor thread successfully connected to server with description ServerDescription{address=10.0.30.140:27017, type=STANDALONE, state=CONNECTED, ok=true, version=ServerVersion{versionList=[3, 4, 18]}, minWireVersion=0, maxWireVersion=5, maxDocumentSize=16777216, logicalSessionTimeoutMinutes=null, roundTripTimeNanos=13066057}
2018-12-13 14:26:41,804 - springfox.documentation.spring.web.plugins.DocumentationPluginsBootstrapper - Context refreshed
2018-12-13 14:26:41,835 - springfox.documentation.spring.web.plugins.DocumentationPluginsBootstrapper - Found {0} custom documentation plugin(s)
2018-12-13 14:26:41,846 - springfox.documentation.spring.web.scanners.ApiListingReferenceScanner - Scanning for api listing references
2018-12-13 14:26:41,852 - springfox.documentation.swagger.web.ClassOrApiAnnotationResourceGrouping - Group for method test was 交易接口
2018-12-13 14:26:41,855 - springfox.documentation.spring.web.scanners.ApiListingReferenceScanner - Request mapping: test belongs to groups: [[ResourceGroup{groupName='交易接口', position=0, controller=com.xiangbinwang.controller.TradeController}]] 
2018-12-13 14:26:41,859 - springfox.documentation.spring.web.scanners.ApiListingReferenceScanner - Created resource listing Path: /default/交易接口 Description: 交易接口 Position: 0
2018-12-13 14:26:41,884 - springfox.documentation.schema.ModelContextKeyGenerator - Cache Key Generated: com.xiangbinwang.common.ApiResponse<java.lang.String>(true)
2018-12-13 14:26:41,884 - springfox.documentation.spring.web.caching.CachingAspect - Caching aspect applied for cache models with key com.xiangbinwang.common.ApiResponse<java.lang.String>(true)
2018-12-13 14:26:41,895 - springfox.documentation.schema.property.ModelPropertiesKeyGenerator - Cache key generated: com.xiangbinwang.common.ApiResponse<java.lang.String>(true)
2018-12-13 14:26:41,895 - springfox.documentation.spring.web.caching.CachingAspect - Caching aspect applied for cache modelProperties with key com.xiangbinwang.common.ApiResponse<java.lang.String>(true)
2018-12-13 14:26:41,949 - springfox.documentation.schema.ModelContextKeyGenerator - Cache Key Generated: com.xiangbinwang.common.ApiResponse<java.lang.String>(true)
2018-12-13 14:26:41,949 - springfox.documentation.spring.web.caching.CachingAspect - Caching aspect applied for cache modelDependencies with key com.xiangbinwang.common.ApiResponse<java.lang.String>(true)
2018-12-13 14:26:41,956 - springfox.documentation.schema.property.ModelPropertiesKeyGenerator - Cache key generated: com.xiangbinwang.common.ApiResponse<java.lang.String>(true)
2018-12-13 14:26:41,956 - springfox.documentation.spring.web.caching.CachingAspect - Caching aspect applied for cache modelProperties with key com.xiangbinwang.common.ApiResponse<java.lang.String>(true)
2018-12-13 14:26:41,959 - springfox.documentation.spring.web.OperationsKeyGenerator - Cache key generated: /v1/api/test.com.xiangbinwang.controller.TradeController.test.DefaultGenericTypeNamingStrategy
2018-12-13 14:26:41,960 - springfox.documentation.spring.web.caching.CachingAspect - Caching aspect applied for cache operations with key /v1/api/test.com.xiangbinwang.controller.TradeController.test.DefaultGenericTypeNamingStrategy
2018-12-13 14:26:41,971 - springfox.documentation.swagger.web.ClassOrApiAnnotationResourceGrouping - Group for method test was 交易接口
2018-12-13 14:26:41,990 - springfox.documentation.swagger.web.ClassOrApiAnnotationResourceGrouping - Group for method test was 交易接口
2018-12-13 14:26:42,019 - org.apache.coyote.http11.Http11NioProtocol - Starting ProtocolHandler ["http-nio-8080"]
2018-12-13 14:26:42,032 - org.apache.tomcat.util.net.NioSelectorPool - Using a shared selector for servlet write/read
2018-12-13 14:26:42,060 - org.springframework.boot.web.embedded.tomcat.TomcatWebServer - Tomcat started on port(s): 8080 (http) with context path ''
2018-12-13 14:26:42,064 - com.xiangbinwang.OceanStockTradeApplication - Started OceanStockTradeApplication in 8.057 seconds (JVM running for 8.822)
2018-12-13 14:26:47,885 - org.apache.catalina.core.ContainerBase.[Tomcat].[localhost].[/] - Initializing Spring DispatcherServlet 'dispatcherServlet'
2018-12-13 14:26:47,885 - org.springframework.web.servlet.DispatcherServlet - Initializing Servlet 'dispatcherServlet'
2018-12-13 14:26:47,897 - org.springframework.web.servlet.DispatcherServlet - Completed initialization in 12 ms
2018-12-13 14:57:31,139 - com.xiangbinwang.OceanStockTradeApplication - Starting OceanStockTradeApplication on GR-A04-1802075 with PID 27684 (D:\workspace-self\ocean_stock_trade\target\classes started by binhaiyang in D:\workspace-self\ocean_stock_trade)
2018-12-13 14:57:31,145 - com.xiangbinwang.OceanStockTradeApplication - No active profile set, falling back to default profiles: default
2018-12-13 14:57:32,678 - org.springframework.data.repository.config.RepositoryConfigurationDelegate - Bootstrapping Spring Data repositories in DEFAULT mode.
2018-12-13 14:57:32,700 - org.springframework.data.repository.config.RepositoryConfigurationDelegate - Finished Spring Data repository scanning in 13ms. Found 0 repository interfaces.
2018-12-13 14:57:33,394 - org.springframework.context.support.PostProcessorRegistrationDelegate$BeanPostProcessorChecker - Bean 'org.springframework.transaction.annotation.ProxyTransactionManagementConfiguration' of type [org.springframework.transaction.annotation.ProxyTransactionManagementConfiguration$$EnhancerBySpringCGLIB$$bad9d531] is not eligible for getting processed by all BeanPostProcessors (for example: not eligible for auto-proxying)
2018-12-13 14:57:33,641 - org.springframework.context.support.PostProcessorRegistrationDelegate$BeanPostProcessorChecker - Bean 'org.springframework.hateoas.config.HateoasConfiguration' of type [org.springframework.hateoas.config.HateoasConfiguration$$EnhancerBySpringCGLIB$$3a5a2263] is not eligible for getting processed by all BeanPostProcessors (for example: not eligible for auto-proxying)
2018-12-13 14:57:34,498 - org.springframework.boot.web.embedded.tomcat.TomcatWebServer - Tomcat initialized with port(s): 8080 (http)
2018-12-13 14:57:34,527 - org.apache.coyote.http11.Http11NioProtocol - Initializing ProtocolHandler ["http-nio-8080"]
2018-12-13 14:57:34,549 - org.apache.catalina.core.StandardService - Starting service [Tomcat]
2018-12-13 14:57:34,550 - org.apache.catalina.core.StandardEngine - Starting Servlet Engine: Apache Tomcat/9.0.13
2018-12-13 14:57:34,577 - org.apache.catalina.core.AprLifecycleListener - The APR based Apache Tomcat Native library which allows optimal performance in production environments was not found on the java.library.path: [C:\Program Files (x86)\Java\jdk1.8.0_144\bin;C:\Windows\Sun\Java\bin;C:\Windows\system32;C:\Windows;C:\Program Files (x86)\Common Files\NetSarang;C:\ProgramData\Oracle\Java\javapath;C:\Windows\system32;C:\Windows;C:\Windows\System32\Wbem;C:\Windows\System32\WindowsPowerShell\v1.0\;C:\Program Files (x86)\ATI Technologies\ATI.ACE\Core-Static;C:\Program Files\Lenovo\Bluetooth Software\;C:\Program Files\Lenovo\Bluetooth Software\syswow64;D:\apache-maven-3.5.3\bin;C:\Program Files (x86)\Java\jdk1.8.0_144\bin;C:\Program Files (x86)\Java\jdk1.8.0_144\jre\bin;D:\mysql32\mysql-5.7.21-win32\bin;C:\Users\binhaiyang\AppData\Local\Programs\Python\Python36\Scripts\;C:\Users\binhaiyang\AppData\Local\Programs\Python\Python36\;.]
2018-12-13 14:57:34,895 - org.apache.catalina.core.ContainerBase.[Tomcat].[localhost].[/] - Initializing Spring embedded WebApplicationContext
2018-12-13 14:57:34,895 - org.springframework.web.context.ContextLoader - Root WebApplicationContext: initialization completed in 3639 ms
2018-12-13 14:57:36,007 - org.springframework.scheduling.concurrent.ThreadPoolTaskExecutor - Initializing ExecutorService 'applicationTaskExecutor'
2018-12-13 14:57:37,601 - org.mongodb.driver.cluster - Cluster created with settings {hosts=[10.0.30.140:27017], mode=SINGLE, requiredClusterType=UNKNOWN, serverSelectionTimeout='30000 ms', maxWaitQueueSize=500}
2018-12-13 14:57:37,720 - org.mongodb.driver.connection - Opened connection [connectionId{localValue:1, serverValue:379}] to 10.0.30.140:27017
2018-12-13 14:57:37,725 - org.mongodb.driver.cluster - Monitor thread successfully connected to server with description ServerDescription{address=10.0.30.140:27017, type=STANDALONE, state=CONNECTED, ok=true, version=ServerVersion{versionList=[3, 4, 18]}, minWireVersion=0, maxWireVersion=5, maxDocumentSize=16777216, logicalSessionTimeoutMinutes=null, roundTripTimeNanos=2157505}
2018-12-13 14:57:38,254 - springfox.documentation.spring.web.plugins.DocumentationPluginsBootstrapper - Context refreshed
2018-12-13 14:57:38,282 - springfox.documentation.spring.web.plugins.DocumentationPluginsBootstrapper - Found {0} custom documentation plugin(s)
2018-12-13 14:57:38,293 - springfox.documentation.spring.web.scanners.ApiListingReferenceScanner - Scanning for api listing references
2018-12-13 14:57:38,300 - springfox.documentation.swagger.web.ClassOrApiAnnotationResourceGrouping - Group for method test was 交易接口
2018-12-13 14:57:38,303 - springfox.documentation.spring.web.scanners.ApiListingReferenceScanner - Request mapping: test belongs to groups: [[ResourceGroup{groupName='交易接口', position=0, controller=com.xiangbinwang.controller.TradeController}]] 
2018-12-13 14:57:38,307 - springfox.documentation.spring.web.scanners.ApiListingReferenceScanner - Created resource listing Path: /default/交易接口 Description: 交易接口 Position: 0
2018-12-13 14:57:38,347 - springfox.documentation.schema.ModelContextKeyGenerator - Cache Key Generated: com.xiangbinwang.common.ApiResponse<java.lang.String>(true)
2018-12-13 14:57:38,347 - springfox.documentation.spring.web.caching.CachingAspect - Caching aspect applied for cache models with key com.xiangbinwang.common.ApiResponse<java.lang.String>(true)
2018-12-13 14:57:38,358 - springfox.documentation.schema.property.ModelPropertiesKeyGenerator - Cache key generated: com.xiangbinwang.common.ApiResponse<java.lang.String>(true)
2018-12-13 14:57:38,358 - springfox.documentation.spring.web.caching.CachingAspect - Caching aspect applied for cache modelProperties with key com.xiangbinwang.common.ApiResponse<java.lang.String>(true)
2018-12-13 14:57:38,419 - springfox.documentation.schema.ModelContextKeyGenerator - Cache Key Generated: com.xiangbinwang.common.ApiResponse<java.lang.String>(true)
2018-12-13 14:57:38,419 - springfox.documentation.spring.web.caching.CachingAspect - Caching aspect applied for cache modelDependencies with key com.xiangbinwang.common.ApiResponse<java.lang.String>(true)
2018-12-13 14:57:38,429 - springfox.documentation.schema.property.ModelPropertiesKeyGenerator - Cache key generated: com.xiangbinwang.common.ApiResponse<java.lang.String>(true)
2018-12-13 14:57:38,432 - springfox.documentation.spring.web.caching.CachingAspect - Caching aspect applied for cache modelProperties with key com.xiangbinwang.common.ApiResponse<java.lang.String>(true)
2018-12-13 14:57:38,436 - springfox.documentation.spring.web.OperationsKeyGenerator - Cache key generated: /v1/api/test.com.xiangbinwang.controller.TradeController.test.DefaultGenericTypeNamingStrategy
2018-12-13 14:57:38,436 - springfox.documentation.spring.web.caching.CachingAspect - Caching aspect applied for cache operations with key /v1/api/test.com.xiangbinwang.controller.TradeController.test.DefaultGenericTypeNamingStrategy
2018-12-13 14:57:38,465 - springfox.documentation.swagger.web.ClassOrApiAnnotationResourceGrouping - Group for method test was 交易接口
2018-12-13 14:57:38,500 - springfox.documentation.swagger.web.ClassOrApiAnnotationResourceGrouping - Group for method test was 交易接口
2018-12-13 14:57:38,564 - org.apache.coyote.http11.Http11NioProtocol - Starting ProtocolHandler ["http-nio-8080"]
2018-12-13 14:57:38,593 - org.apache.tomcat.util.net.NioSelectorPool - Using a shared selector for servlet write/read
2018-12-13 14:57:38,646 - org.springframework.boot.web.embedded.tomcat.TomcatWebServer - Tomcat started on port(s): 8080 (http) with context path ''
2018-12-13 14:57:38,653 - com.xiangbinwang.OceanStockTradeApplication - Started OceanStockTradeApplication in 8.366 seconds (JVM running for 9.268)
2018-12-13 14:58:52,148 - org.apache.catalina.core.ContainerBase.[Tomcat].[localhost].[/] - Initializing Spring DispatcherServlet 'dispatcherServlet'
2018-12-13 14:58:52,148 - org.springframework.web.servlet.DispatcherServlet - Initializing Servlet 'dispatcherServlet'
2018-12-13 14:58:52,159 - org.springframework.web.servlet.DispatcherServlet - Completed initialization in 11 ms
2018-12-13 17:33:06,526 - com.xiangbinwang.OceanStockTradeApplication - Starting OceanStockTradeApplication on GR-A04-1802075 with PID 22980 (D:\workspace-self\ocean_stock_trade\target\classes started by binhaiyang in D:\workspace-self\ocean_stock_trade)
2018-12-13 17:33:06,533 - com.xiangbinwang.OceanStockTradeApplication - No active profile set, falling back to default profiles: default
2018-12-13 17:33:08,263 - org.springframework.data.repository.config.RepositoryConfigurationDelegate - Bootstrapping Spring Data repositories in DEFAULT mode.
2018-12-13 17:33:08,286 - org.springframework.data.repository.config.RepositoryConfigurationDelegate - Finished Spring Data repository scanning in 14ms. Found 0 repository interfaces.
2018-12-13 17:33:08,964 - org.springframework.context.support.PostProcessorRegistrationDelegate$BeanPostProcessorChecker - Bean 'org.springframework.transaction.annotation.ProxyTransactionManagementConfiguration' of type [org.springframework.transaction.annotation.ProxyTransactionManagementConfiguration$$EnhancerBySpringCGLIB$$2872c8fb] is not eligible for getting processed by all BeanPostProcessors (for example: not eligible for auto-proxying)
2018-12-13 17:33:09,152 - org.springframework.context.support.PostProcessorRegistrationDelegate$BeanPostProcessorChecker - Bean 'org.springframework.hateoas.config.HateoasConfiguration' of type [org.springframework.hateoas.config.HateoasConfiguration$$EnhancerBySpringCGLIB$$a7f3162d] is not eligible for getting processed by all BeanPostProcessors (for example: not eligible for auto-proxying)
2018-12-13 17:33:10,234 - org.springframework.boot.web.embedded.tomcat.TomcatWebServer - Tomcat initialized with port(s): 8080 (http)
2018-12-13 17:33:10,255 - org.apache.coyote.http11.Http11NioProtocol - Initializing ProtocolHandler ["http-nio-8080"]
2018-12-13 17:33:10,269 - org.apache.catalina.core.StandardService - Starting service [Tomcat]
2018-12-13 17:33:10,270 - org.apache.catalina.core.StandardEngine - Starting Servlet Engine: Apache Tomcat/9.0.13
2018-12-13 17:33:10,291 - org.apache.catalina.core.AprLifecycleListener - The APR based Apache Tomcat Native library which allows optimal performance in production environments was not found on the java.library.path: [C:\Program Files (x86)\Java\jdk1.8.0_144\bin;C:\Windows\Sun\Java\bin;C:\Windows\system32;C:\Windows;C:\Program Files (x86)\Common Files\NetSarang;C:\ProgramData\Oracle\Java\javapath;C:\Windows\system32;C:\Windows;C:\Windows\System32\Wbem;C:\Windows\System32\WindowsPowerShell\v1.0\;C:\Program Files (x86)\ATI Technologies\ATI.ACE\Core-Static;C:\Program Files\Lenovo\Bluetooth Software\;C:\Program Files\Lenovo\Bluetooth Software\syswow64;D:\apache-maven-3.5.3\bin;C:\Program Files (x86)\Java\jdk1.8.0_144\bin;C:\Program Files (x86)\Java\jdk1.8.0_144\jre\bin;D:\mysql32\mysql-5.7.21-win32\bin;C:\Users\binhaiyang\AppData\Local\Programs\Python\Python36\Scripts\;C:\Users\binhaiyang\AppData\Local\Programs\Python\Python36\;.]
2018-12-13 17:33:10,550 - org.apache.catalina.core.ContainerBase.[Tomcat].[localhost].[/] - Initializing Spring embedded WebApplicationContext
2018-12-13 17:33:10,550 - org.springframework.web.context.ContextLoader - Root WebApplicationContext: initialization completed in 3940 ms
2018-12-13 17:33:11,652 - org.springframework.scheduling.concurrent.ThreadPoolTaskExecutor - Initializing ExecutorService 'applicationTaskExecutor'
2018-12-13 17:33:13,141 - org.mongodb.driver.cluster - Cluster created with settings {hosts=[10.0.30.140:27017], mode=SINGLE, requiredClusterType=UNKNOWN, serverSelectionTimeout='30000 ms', maxWaitQueueSize=500}
2018-12-13 17:33:13,231 - org.mongodb.driver.connection - Opened connection [connectionId{localValue:1, serverValue:390}] to 10.0.30.140:27017
2018-12-13 17:33:13,234 - org.mongodb.driver.cluster - Monitor thread successfully connected to server with description ServerDescription{address=10.0.30.140:27017, type=STANDALONE, state=CONNECTED, ok=true, version=ServerVersion{versionList=[3, 4, 18]}, minWireVersion=0, maxWireVersion=5, maxDocumentSize=16777216, logicalSessionTimeoutMinutes=null, roundTripTimeNanos=1850878}
2018-12-13 17:33:13,726 - springfox.documentation.spring.web.plugins.DocumentationPluginsBootstrapper - Context refreshed
2018-12-13 17:33:13,755 - springfox.documentation.spring.web.plugins.DocumentationPluginsBootstrapper - Found {0} custom documentation plugin(s)
2018-12-13 17:33:13,767 - springfox.documentation.spring.web.scanners.ApiListingReferenceScanner - Scanning for api listing references
2018-12-13 17:33:13,773 - springfox.documentation.swagger.web.ClassOrApiAnnotationResourceGrouping - Group for method test was 交易接口
2018-12-13 17:33:13,775 - springfox.documentation.spring.web.scanners.ApiListingReferenceScanner - Request mapping: test belongs to groups: [[ResourceGroup{groupName='交易接口', position=0, controller=com.xiangbinwang.controller.TradeController}]] 
2018-12-13 17:33:13,780 - springfox.documentation.spring.web.scanners.ApiListingReferenceScanner - Created resource listing Path: /default/交易接口 Description: 交易接口 Position: 0
2018-12-13 17:33:13,807 - springfox.documentation.schema.ModelContextKeyGenerator - Cache Key Generated: com.xiangbinwang.common.ApiResponse<java.lang.String>(true)
2018-12-13 17:33:13,807 - springfox.documentation.spring.web.caching.CachingAspect - Caching aspect applied for cache models with key com.xiangbinwang.common.ApiResponse<java.lang.String>(true)
2018-12-13 17:33:13,820 - springfox.documentation.schema.property.ModelPropertiesKeyGenerator - Cache key generated: com.xiangbinwang.common.ApiResponse<java.lang.String>(true)
2018-12-13 17:33:13,820 - springfox.documentation.spring.web.caching.CachingAspect - Caching aspect applied for cache modelProperties with key com.xiangbinwang.common.ApiResponse<java.lang.String>(true)
2018-12-13 17:33:13,879 - springfox.documentation.schema.ModelContextKeyGenerator - Cache Key Generated: com.xiangbinwang.common.ApiResponse<java.lang.String>(true)
2018-12-13 17:33:13,879 - springfox.documentation.spring.web.caching.CachingAspect - Caching aspect applied for cache modelDependencies with key com.xiangbinwang.common.ApiResponse<java.lang.String>(true)
2018-12-13 17:33:13,887 - springfox.documentation.schema.property.ModelPropertiesKeyGenerator - Cache key generated: com.xiangbinwang.common.ApiResponse<java.lang.String>(true)
2018-12-13 17:33:13,887 - springfox.documentation.spring.web.caching.CachingAspect - Caching aspect applied for cache modelProperties with key com.xiangbinwang.common.ApiResponse<java.lang.String>(true)
2018-12-13 17:33:13,891 - springfox.documentation.spring.web.OperationsKeyGenerator - Cache key generated: /v1/api/test.com.xiangbinwang.controller.TradeController.test.DefaultGenericTypeNamingStrategy
2018-12-13 17:33:13,892 - springfox.documentation.spring.web.caching.CachingAspect - Caching aspect applied for cache operations with key /v1/api/test.com.xiangbinwang.controller.TradeController.test.DefaultGenericTypeNamingStrategy
2018-12-13 17:33:13,909 - springfox.documentation.swagger.web.ClassOrApiAnnotationResourceGrouping - Group for method test was 交易接口
2018-12-13 17:33:13,932 - springfox.documentation.swagger.web.ClassOrApiAnnotationResourceGrouping - Group for method test was 交易接口
2018-12-13 17:33:13,980 - org.apache.coyote.http11.Http11NioProtocol - Starting ProtocolHandler ["http-nio-8080"]
2018-12-13 17:33:13,994 - org.apache.tomcat.util.net.NioSelectorPool - Using a shared selector for servlet write/read
2018-12-13 17:33:14,041 - org.springframework.boot.web.embedded.tomcat.TomcatWebServer - Tomcat started on port(s): 8080 (http) with context path ''
2018-12-13 17:33:14,045 - com.xiangbinwang.OceanStockTradeApplication - Started OceanStockTradeApplication in 8.418 seconds (JVM running for 9.155)
2018-12-13 17:33:21,534 - org.apache.catalina.core.ContainerBase.[Tomcat].[localhost].[/] - Initializing Spring DispatcherServlet 'dispatcherServlet'
2018-12-13 17:33:21,534 - org.springframework.web.servlet.DispatcherServlet - Initializing Servlet 'dispatcherServlet'
2018-12-13 17:33:21,545 - org.springframework.web.servlet.DispatcherServlet - Completed initialization in 11 ms
